<?xml version="1.0" encoding="UTF-8"?>
<!-- Generated by org.testng.reporters.JUnitReportReporter -->
<testsuite skipped="0" hostname="Ganeshs-MacBook-Pro.local" name="qaclickAcademy.RestAssuredTest" tests="1" failures="0" timestamp="20 Nov 2019 17:44:14 GMT" time="0.001" errors="0">
  <testcase name="RestAssurestesting" time="0.001" classname="qaclickAcademy.RestAssuredTest"/>
</testsuite> <!-- qaclickAcademy.RestAssuredTest -->
