<?xml version="1.0" encoding="UTF-8"?>
<!-- Generated by org.testng.reporters.JUnitReportReporter -->
<testsuite skipped="0" hostname="Ganeshs-MacBook-Pro.local" name="qaclickAcademy.SelenuimTest" tests="1" failures="0" timestamp="20 Nov 2019 17:44:19 GMT" time="0.000" errors="0">
  <testcase name="Screenshot" time="0.000" classname="qaclickAcademy.SelenuimTest"/>
</testsuite> <!-- qaclickAcademy.SelenuimTest -->
