<?xml version="1.0" encoding="UTF-8"?>
<!-- Generated by org.testng.reporters.JUnitReportReporter -->
<testsuite skipped="0" hostname="Ganeshs-MacBook-Pro.local" name="qaclickAcademy.AppiumTest" tests="1" failures="0" timestamp="20 Nov 2019 17:44:09 GMT" time="0.008" errors="0">
  <testcase name="AppiumTesting" time="0.008" classname="qaclickAcademy.AppiumTest"/>
</testsuite> <!-- qaclickAcademy.AppiumTest -->
